Determining if the pthread_create exist failed with the following output:
Change Dir: /home/ramma/Desktop/tracking_object/dlib-19.17.0/build/temp.linux-x86_64-3.6/CMakeFiles/CMakeTmp

Run Build Command:"/usr/bin/make" "cmTC_2ceb4/fast"
/usr/bin/make -f CMakeFiles/cmTC_2ceb4.dir/build.make CMakeFiles/cmTC_2ceb4.dir/build
make[1]: Entering directory '/home/ramma/Desktop/tracking_object/dlib-19.17.0/build/temp.linux-x86_64-3.6/CMakeFiles/CMakeTmp'
Building C object CMakeFiles/cmTC_2ceb4.dir/CheckSymbolExists.c.o
/usr/bin/cc   -fPIE   -o CMakeFiles/cmTC_2ceb4.dir/CheckSymbolExists.c.o   -c /home/ramma/Desktop/tracking_object/dlib-19.17.0/build/temp.linux-x86_64-3.6/CMakeFiles/CMakeTmp/CheckSymbolExists.c
Linking C executable cmTC_2ceb4
/usr/bin/cmake -E cmake_link_script CMakeFiles/cmTC_2ceb4.dir/link.txt --verbose=1
/usr/bin/cc      -rdynamic CMakeFiles/cmTC_2ceb4.dir/CheckSymbolExists.c.o  -o cmTC_2ceb4 
CMakeFiles/cmTC_2ceb4.dir/CheckSymbolExists.c.o: In function `main':
CheckSymbolExists.c:(.text+0x1b): undefined reference to `pthread_create'
collect2: error: ld returned 1 exit status
CMakeFiles/cmTC_2ceb4.dir/build.make:97: recipe for target 'cmTC_2ceb4' failed
make[1]: *** [cmTC_2ceb4] Error 1
make[1]: Leaving directory '/home/ramma/Desktop/tracking_object/dlib-19.17.0/build/temp.linux-x86_64-3.6/CMakeFiles/CMakeTmp'
Makefile:126: recipe for target 'cmTC_2ceb4/fast' failed
make: *** [cmTC_2ceb4/fast] Error 2

File /home/ramma/Desktop/tracking_object/dlib-19.17.0/build/temp.linux-x86_64-3.6/CMakeFiles/CMakeTmp/CheckSymbolExists.c:
/* */
#include <pthread.h>

int main(int argc, char** argv)
{
  (void)argv;
#ifndef pthread_create
  return ((int*)(&pthread_create))[argc];
#else
  (void)argc;
  return 0;
#endif
}

Determining if the function pthread_create exists in the pthreads failed with the following output:
Change Dir: /home/ramma/Desktop/tracking_object/dlib-19.17.0/build/temp.linux-x86_64-3.6/CMakeFiles/CMakeTmp

Run Build Command:"/usr/bin/make" "cmTC_884b5/fast"
/usr/bin/make -f CMakeFiles/cmTC_884b5.dir/build.make CMakeFiles/cmTC_884b5.dir/build
make[1]: Entering directory '/home/ramma/Desktop/tracking_object/dlib-19.17.0/build/temp.linux-x86_64-3.6/CMakeFiles/CMakeTmp'
Building C object CMakeFiles/cmTC_884b5.dir/CheckFunctionExists.c.o
/usr/bin/cc   -DCHECK_FUNCTION_EXISTS=pthread_create -fPIE   -o CMakeFiles/cmTC_884b5.dir/CheckFunctionExists.c.o   -c /usr/share/cmake-3.10/Modules/CheckFunctionExists.c
Linking C executable cmTC_884b5
/usr/bin/cmake -E cmake_link_script CMakeFiles/cmTC_884b5.dir/link.txt --verbose=1
/usr/bin/cc  -DCHECK_FUNCTION_EXISTS=pthread_create    -rdynamic CMakeFiles/cmTC_884b5.dir/CheckFunctionExists.c.o  -o cmTC_884b5 -lpthreads 
/usr/bin/ld: cannot find -lpthreads
collect2: error: ld returned 1 exit status
CMakeFiles/cmTC_884b5.dir/build.make:97: recipe for target 'cmTC_884b5' failed
make[1]: *** [cmTC_884b5] Error 1
make[1]: Leaving directory '/home/ramma/Desktop/tracking_object/dlib-19.17.0/build/temp.linux-x86_64-3.6/CMakeFiles/CMakeTmp'
Makefile:126: recipe for target 'cmTC_884b5/fast' failed
make: *** [cmTC_884b5/fast] Error 2


